[+] Containers:
 |- [+] Container: /Game/ThirdPerson/Maps/ThirdPersonMap
 |   |- [+] ActorDescs:
 |   |   |- Guid:03A6D6B640A8BFB307A733ABFCAF170F NativeClass:/Script/Engine.StaticMeshActor Name:StaticMeshActor_UAID_B42E99D12053658C02_1576527123 Label:SM_Cube11 SpatiallyLoaded:true EditorBounds:IsValid=true, Min=(X=2350.000 Y=150.000 Z=0.000), Max=(X=2375.000 Y=625.000 Z=250.000) RuntimeBounds:IsValid=true, Min=(X=2350.000 Y=150.000 Z=0.000), Max=(X=2375.000 Y=625.000 Z=250.000) RuntimeGrid:None EditorOnly:false RuntimeOnly:false HLODRelevant:true ListedInSceneOutliner:true IsMainWorldOnly:false FolderPath:Playground FolderGuid:C73F09FC4215536B1DCE2A9E0A830C70
 |   |   |- Guid:2B439E3142012A7AF3F69CB35231BCEA NativeClass:/Script/Engine.StaticMeshActor Name:StaticMeshActor_UAID_B42E99D12053638C02_1640724764 Label:SM_Cube4 SpatiallyLoaded:true EditorBounds:IsValid=true, Min=(X=50.000 Y=350.000 Z=0.000), Max=(X=75.000 Y=2175.000 Z=250.000) RuntimeBounds:IsValid=true, Min=(X=50.000 Y=350.000 Z=0.000), Max=(X=75.000 Y=2175.000 Z=250.000) RuntimeGrid:None EditorOnly:false RuntimeOnly:false HLODRelevant:true ListedInSceneOutliner:true IsMainWorldOnly:false FolderPath:Playground FolderGuid:C73F09FC4215536B1DCE2A9E0A830C70
 |   |   |- Guid:2BAE482B4687373453788793BEEEB5E1 NativeClass:/Script/Engine.StaticMeshActor Name:StaticMeshActor_UAID_B42E99D12053658C02_1798363128 Label:SM_Cube16 SpatiallyLoaded:true EditorBounds:IsValid=true, Min=(X=2275.000 Y=1450.000 Z=0.000), Max=(X=2850.000 Y=1475.000 Z=250.000) RuntimeBounds:IsValid=true, Min=(X=2275.000 Y=1450.000 Z=0.000), Max=(X=2850.000 Y=1475.000 Z=250.000) RuntimeGrid:None EditorOnly:false RuntimeOnly:false HLODRelevant:true ListedInSceneOutliner:true IsMainWorldOnly:false FolderPath:Playground FolderGuid:C73F09FC4215536B1DCE2A9E0A830C70
 |   |   |- Guid:2FB58999456391D349DC0F86DAC136ED NativeClass:/Script/Engine.SkyLight Name:SkyLight_1 Label:SkyLight SpatiallyLoaded:false EditorBounds:IsValid=true, Min=(X=0.000 Y=0.000 Z=690.000), Max=(X=0.000 Y=0.000 Z=690.000) RuntimeBounds:IsValid=true, Min=(X=0.000 Y=0.000 Z=690.000), Max=(X=0.000 Y=0.000 Z=690.000) RuntimeGrid:None EditorOnly:false RuntimeOnly:false HLODRelevant:false ListedInSceneOutliner:true IsMainWorldOnly:false FolderPath:Lighting FolderGuid:963EC3EB4002CCE9759E2EBA541A873A
 |   |   |- Guid:316CF2A6494ACA4C0E4180A87D36AB8F NativeClass:/Script/Engine.ExponentialHeightFog Name:ExponentialHeightFog_0 Label:ExponentialHeightFog SpatiallyLoaded:false EditorBounds:IsValid=true, Min=(X=-5600.000 Y=-50.000 Z=-6850.000), Max=(X=-5600.000 Y=-50.000 Z=-6850.000) RuntimeBounds:IsValid=true, Min=(X=-5600.000 Y=-50.000 Z=-6850.000), Max=(X=-5600.000 Y=-50.000 Z=-6850.000) RuntimeGrid:None EditorOnly:false RuntimeOnly:false HLODRelevant:false ListedInSceneOutliner:true IsMainWorldOnly:false FolderPath:Lighting FolderGuid:963EC3EB4002CCE9759E2EBA541A873A
 |   |   |- Guid:31FD0A3B417DF20D3B3278BFFAEBD2BD NativeClass:/Script/Engine.StaticMeshActor Name:StaticMeshActor_UAID_B42E99D12053658C02_1602940124 Label:SM_Cube12 SpatiallyLoaded:true EditorBounds:IsValid=true, Min=(X=2100.000 Y=150.000 Z=0.000), Max=(X=2125.000 Y=625.000 Z=250.000) RuntimeBounds:IsValid=true, Min=(X=2100.000 Y=150.000 Z=0.000), Max=(X=2125.000 Y=625.000 Z=250.000) RuntimeGrid:None EditorOnly:false RuntimeOnly:false HLODRelevant:true ListedInSceneOutliner:true IsMainWorldOnly:false FolderPath:Playground FolderGuid:C73F09FC4215536B1DCE2A9E0A830C70
 |   |   |- Guid:3A00AA1C422CE54C0BDB60BAF471BFBB NativeClass:/Script/Engine.PlayerStart Name:PlayerStart_0 Label:PlayerStart SpatiallyLoaded:false EditorBounds:IsValid=true, Min=(X=860.000 Y=1070.000 Z=0.013), Max=(X=940.000 Y=1150.000 Z=184.013) RuntimeBounds:IsValid=true, Min=(X=860.000 Y=1070.000 Z=0.013), Max=(X=940.000 Y=1150.000 Z=184.013) RuntimeGrid:None EditorOnly:false RuntimeOnly:false HLODRelevant:false ListedInSceneOutliner:true IsMainWorldOnly:false
 |   |   |- Guid:3C1586044F718F23836CDC9F55A8A494 NativeClass:/Script/Engine.StaticMeshActor Name:StaticMeshActor_UAID_B42E99D12053658C02_1510617121 Label:SM_Cube9 SpatiallyLoaded:true EditorBounds:IsValid=true, Min=(X=1600.000 Y=850.000 Z=0.000), Max=(X=2850.000 Y=875.000 Z=250.000) RuntimeBounds:IsValid=true, Min=(X=1600.000 Y=850.000 Z=0.000), Max=(X=2850.000 Y=875.000 Z=250.000) RuntimeGrid:None EditorOnly:false RuntimeOnly:false HLODRelevant:true ListedInSceneOutliner:true IsMainWorldOnly:false FolderPath:Playground FolderGuid:C73F09FC4215536B1DCE2A9E0A830C70
 |   |   |- Guid:433F9E374267164A11FBE8AB090354D0 NativeClass:/Script/Engine.StaticMeshActor Name:StaticMeshActor_UAID_B42E99D12053638C02_1654541765 Label:SM_Cube5 SpatiallyLoaded:true EditorBounds:IsValid=true, Min=(X=75.000 Y=2150.000 Z=0.000), Max=(X=2850.000 Y=2175.000 Z=250.000) RuntimeBounds:IsValid=true, Min=(X=75.000 Y=2150.000 Z=0.000), Max=(X=2850.000 Y=2175.000 Z=250.000) RuntimeGrid:None EditorOnly:false RuntimeOnly:false HLODRelevant:true ListedInSceneOutliner:true IsMainWorldOnly:false FolderPath:Playground FolderGuid:C73F09FC4215536B1DCE2A9E0A830C70
 |   |   |- Guid:4D3BE93F4146AAAC8BBE79999D96D57F NativeClass:/Script/Engine.VolumetricCloud Name:VolumetricCloud_0 Label:VolumetricCloud SpatiallyLoaded:false EditorBounds:IsValid=true, Min=(X=0.000 Y=0.000 Z=820.000), Max=(X=0.000 Y=0.000 Z=820.000) RuntimeBounds:IsValid=true, Min=(X=0.000 Y=0.000 Z=820.000), Max=(X=0.000 Y=0.000 Z=820.000) RuntimeGrid:None EditorOnly:false RuntimeOnly:false HLODRelevant:false ListedInSceneOutliner:true IsMainWorldOnly:false FolderPath:Lighting FolderGuid:963EC3EB4002CCE9759E2EBA541A873A
 |   |   |- Guid:6BAF4DDD444C60371492D3919DB42C97 NativeClass:/Script/Engine.WorldDataLayers Name:WorldDataLayers Label:WorldDataLayers SpatiallyLoaded:false EditorBounds:IsValid=true, Min=(X=0.000 Y=0.000 Z=0.000), Max=(X=0.000 Y=0.000 Z=0.000) RuntimeBounds:IsValid=true, Min=(X=0.000 Y=0.000 Z=0.000), Max=(X=0.000 Y=0.000 Z=0.000) RuntimeGrid:None EditorOnly:false RuntimeOnly:false HLODRelevant:false ListedInSceneOutliner:true IsMainWorldOnly:true
 |   |   |- Guid:83A541634398D703B26499B69DDAC068 NativeClass:/Script/Engine.StaticMeshActor Name:StaticMeshActor_UAID_B42E99D12053658C02_1604742125 Label:SM_Cube13 SpatiallyLoaded:true EditorBounds:IsValid=true, Min=(X=1300.000 Y=150.000 Z=0.000), Max=(X=1325.000 Y=625.000 Z=250.000) RuntimeBounds:IsValid=true, Min=(X=1300.000 Y=150.000 Z=0.000), Max=(X=1325.000 Y=625.000 Z=250.000) RuntimeGrid:None EditorOnly:false RuntimeOnly:false HLODRelevant:true ListedInSceneOutliner:true IsMainWorldOnly:false FolderPath:Playground FolderGuid:C73F09FC4215536B1DCE2A9E0A830C70
 |   |   |- Guid:92252C0549BD7211BF3E51AEBAD7FA79 NativeClass:/Script/Engine.StaticMeshActor Name:StaticMeshActor_UAID_B42E99D12053658C02_1332890120 Label:SM_Cube8 SpatiallyLoaded:true EditorBounds:IsValid=true, Min=(X=1200.000 Y=3275.000 Z=0.000), Max=(X=2025.000 Y=3300.000 Z=250.000) RuntimeBounds:IsValid=true, Min=(X=1200.000 Y=3275.000 Z=0.000), Max=(X=2025.000 Y=3300.000 Z=250.000) RuntimeGrid:None EditorOnly:false RuntimeOnly:false HLODRelevant:true ListedInSceneOutliner:true IsMainWorldOnly:false FolderPath:Playground FolderGuid:C73F09FC4215536B1DCE2A9E0A830C70
 |   |   |- Guid:B785ED2844B84CFB91E7F39FE661CD99 NativeClass:/Script/Engine.DirectionalLight Name:DirectionalLight_0 Label:DirectionalLight SpatiallyLoaded:false EditorBounds:IsValid=true, Min=(X=-1048576.000 Y=-1048576.000 Z=-1048576.000), Max=(X=1048576.000 Y=1048576.000 Z=1048576.000) RuntimeBounds:IsValid=true, Min=(X=-1048576.000 Y=-1048576.000 Z=-1048576.000), Max=(X=1048576.000 Y=1048576.000 Z=1048576.000) RuntimeGrid:None EditorOnly:false RuntimeOnly:false HLODRelevant:false ListedInSceneOutliner:true IsMainWorldOnly:false FolderPath:Lighting FolderGuid:963EC3EB4002CCE9759E2EBA541A873A
 |   |   |- Guid:B88A045B471A3A7A1F01F785816AD7E7 NativeClass:/Script/Engine.StaticMeshActor Name:StaticMeshActor_UAID_B42E99D12053658C02_1664859127 Label:SM_Cube15 SpatiallyLoaded:true EditorBounds:IsValid=true, Min=(X=1600.000 Y=850.000 Z=0.000), Max=(X=1625.000 Y=2175.000 Z=250.000) RuntimeBounds:IsValid=true, Min=(X=1600.000 Y=850.000 Z=0.000), Max=(X=1625.000 Y=2175.000 Z=250.000) RuntimeGrid:None EditorOnly:false RuntimeOnly:false HLODRelevant:true ListedInSceneOutliner:true IsMainWorldOnly:false FolderPath:Playground FolderGuid:C73F09FC4215536B1DCE2A9E0A830C70
 |   |   |- Guid:BB837CCF4FBCB72C609842A6CA6D7EA5 NativeClass:/Script/Engine.SkeletalMeshActor Name:SkeletalMeshActor_UAID_B42E99D12053638C02_1335980759 Label:Manny_clavicle_r_anim SpatiallyLoaded:true EditorBounds:IsValid=true, Min=(X=755.143 Y=1246.412 Z=0.506), Max=(X=865.381 Y=1288.978 Z=181.104) RuntimeBounds:IsValid=true, Min=(X=755.143 Y=1246.412 Z=0.506), Max=(X=865.381 Y=1288.978 Z=181.104) RuntimeGrid:None EditorOnly:false RuntimeOnly:false HLODRelevant:false ListedInSceneOutliner:true IsMainWorldOnly:false
 |   |   |- Guid:C054487F4F2E7188F2CFC8BA198617DB NativeClass:/Script/Engine.StaticMeshActor Name:StaticMeshActor_UAID_B42E99D12053638C02_1484825762 Label:SM_Cube2 SpatiallyLoaded:true EditorBounds:IsValid=true, Min=(X=2850.000 Y=150.000 Z=0.000), Max=(X=2875.000 Y=2175.000 Z=250.000) RuntimeBounds:IsValid=true, Min=(X=2850.000 Y=150.000 Z=0.000), Max=(X=2875.000 Y=2175.000 Z=250.000) RuntimeGrid:None EditorOnly:false RuntimeOnly:false HLODRelevant:true ListedInSceneOutliner:true IsMainWorldOnly:false FolderPath:Playground FolderGuid:C73F09FC4215536B1DCE2A9E0A830C70
 |   |   |- Guid:C6BC4DAA4BC5075985F65599A3AAA2D9 NativeClass:/Script/Engine.StaticMeshActor Name:StaticMeshActor_UAID_B42E99D12053638C02_1635651763 Label:SM_Cube3 SpatiallyLoaded:true EditorBounds:IsValid=true, Min=(X=75.000 Y=150.000 Z=0.000), Max=(X=2850.000 Y=175.000 Z=250.000) RuntimeBounds:IsValid=true, Min=(X=75.000 Y=150.000 Z=0.000), Max=(X=2850.000 Y=175.000 Z=250.000) RuntimeGrid:None EditorOnly:false RuntimeOnly:false HLODRelevant:true ListedInSceneOutliner:true IsMainWorldOnly:false FolderPath:Playground FolderGuid:C73F09FC4215536B1DCE2A9E0A830C70
 |   |   |- Guid:C8DE0E64449F7EB183CF88BCF72007DE NativeClass:/Script/Engine.StaticMeshActor Name:StaticMeshActor_UAID_B42E99D12053658C02_1516072122 Label:SM_Cube10 SpatiallyLoaded:true EditorBounds:IsValid=true, Min=(X=1325.000 Y=600.000 Z=0.000), Max=(X=2850.000 Y=625.000 Z=250.000) RuntimeBounds:IsValid=true, Min=(X=1325.000 Y=600.000 Z=0.000), Max=(X=2850.000 Y=625.000 Z=250.000) RuntimeGrid:None EditorOnly:false RuntimeOnly:false HLODRelevant:true ListedInSceneOutliner:true IsMainWorldOnly:false FolderPath:Playground FolderGuid:C73F09FC4215536B1DCE2A9E0A830C70
 |   |   |- Guid:CCFF262C46EEFFDF319E7F9539CE697E NativeClass:/Script/Engine.SkyAtmosphere Name:SkyAtmosphere_0 Label:SkyAtmosphere SpatiallyLoaded:false EditorBounds:IsValid=true, Min=(X=0.000 Y=0.000 Z=1020.000), Max=(X=0.000 Y=0.000 Z=1020.000) RuntimeBounds:IsValid=true, Min=(X=0.000 Y=0.000 Z=1020.000), Max=(X=0.000 Y=0.000 Z=1020.000) RuntimeGrid:None EditorOnly:false RuntimeOnly:false HLODRelevant:false ListedInSceneOutliner:true IsMainWorldOnly:false FolderPath:Lighting FolderGuid:963EC3EB4002CCE9759E2EBA541A873A
 |   |   |- Guid:D23A35894F5DD0A2DECB0FA154273C3A NativeClass:/Script/Engine.StaticMeshActor Name:StaticMeshActor_UAID_B42E99D12053648C02_1732708942 Label:SM_Cube6 SpatiallyLoaded:true EditorBounds:IsValid=true, Min=(X=2000.000 Y=2175.000 Z=0.000), Max=(X=2025.000 Y=3275.000 Z=250.000) RuntimeBounds:IsValid=true, Min=(X=2000.000 Y=2175.000 Z=0.000), Max=(X=2025.000 Y=3275.000 Z=250.000) RuntimeGrid:None EditorOnly:false RuntimeOnly:false HLODRelevant:true ListedInSceneOutliner:true IsMainWorldOnly:false FolderPath:Playground FolderGuid:C73F09FC4215536B1DCE2A9E0A830C70
 |   |   |- Guid:E23FF9324671BAFD6D5A06A733E3154A NativeClass:/Script/Engine.StaticMeshActor Name:StaticMeshActor_UAID_B42E99D12053658C02_1645064126 Label:SM_Cube14 SpatiallyLoaded:true EditorBounds:IsValid=true, Min=(X=2250.000 Y=850.000 Z=0.000), Max=(X=2275.000 Y=2175.000 Z=250.000) RuntimeBounds:IsValid=true, Min=(X=2250.000 Y=850.000 Z=0.000), Max=(X=2275.000 Y=2175.000 Z=250.000) RuntimeGrid:None EditorOnly:false RuntimeOnly:false HLODRelevant:true ListedInSceneOutliner:true IsMainWorldOnly:false FolderPath:Playground FolderGuid:C73F09FC4215536B1DCE2A9E0A830C70
 |   |   |- Guid:EC4E0C944CE6AC6E784BC6BB2916EA13 NativeClass:/Script/Engine.StaticMeshActor Name:StaticMeshActor_UAID_A4AE111137DC5EFB00_1110535423 Label:SM_SkySphere SpatiallyLoaded:false EditorBounds:IsValid=true, Min=(X=-1638400.000 Y=-1638400.000 Z=-1638400.000), Max=(X=1638400.000 Y=1638400.000 Z=1638400.000) RuntimeBounds:IsValid=true, Min=(X=-1638400.000 Y=-1638400.000 Z=-1638400.000), Max=(X=1638400.000 Y=1638400.000 Z=1638400.000) RuntimeGrid:None EditorOnly:false RuntimeOnly:false HLODRelevant:true ListedInSceneOutliner:true IsMainWorldOnly:false FolderPath:Lighting FolderGuid:963EC3EB4002CCE9759E2EBA541A873A
 |   |   |- Guid:F1924B8D48954B30891B2DB6A694F9CC NativeClass:/Script/Engine.StaticMeshActor Name:StaticMeshActor_1 Label:SM_Cube SpatiallyLoaded:true EditorBounds:IsValid=true, Min=(X=0.000 Y=0.000 Z=-50.000), Max=(X=3000.000 Y=3500.000 Z=0.000) RuntimeBounds:IsValid=true, Min=(X=0.000 Y=0.000 Z=-50.000), Max=(X=3000.000 Y=3500.000 Z=0.000) RuntimeGrid:None EditorOnly:false RuntimeOnly:false HLODRelevant:true ListedInSceneOutliner:true IsMainWorldOnly:false FolderPath:Playground FolderGuid:C73F09FC4215536B1DCE2A9E0A830C70
 |   |   |- Guid:F5E3FEB3450C49844FD93DA8E083C8AD NativeClass:/Script/Engine.PostProcessVolume Name:PostProcessVolume_0 Label:PostProcessVolume SpatiallyLoaded:false EditorBounds:IsValid=true, Min=(X=0.000 Y=0.000 Z=400.000), Max=(X=200.000 Y=200.000 Z=600.000) RuntimeBounds:IsValid=true, Min=(X=0.000 Y=0.000 Z=400.000), Max=(X=200.000 Y=200.000 Z=600.000) RuntimeGrid:None EditorOnly:false RuntimeOnly:false HLODRelevant:false ListedInSceneOutliner:true IsMainWorldOnly:false FolderPath:Lighting FolderGuid:963EC3EB4002CCE9759E2EBA541A873A
 |   |   |- Guid:FA7506234EC244F6B32CEAAA266E13F9 NativeClass:/Script/Engine.StaticMeshActor Name:StaticMeshActor_UAID_B42E99D12053648C02_1732709943 Label:SM_Cube7 SpatiallyLoaded:true EditorBounds:IsValid=true, Min=(X=1200.000 Y=2175.000 Z=0.000), Max=(X=1225.000 Y=3275.000 Z=250.000) RuntimeBounds:IsValid=true, Min=(X=1200.000 Y=2175.000 Z=0.000), Max=(X=1225.000 Y=3275.000 Z=250.000) RuntimeGrid:None EditorOnly:false RuntimeOnly:false HLODRelevant:true ListedInSceneOutliner:true IsMainWorldOnly:false FolderPath:Playground FolderGuid:C73F09FC4215536B1DCE2A9E0A830C70
 |   |- [+] Clusters:
 |   |   |- [+] [  0]
 |   |   |   |- Guid:03A6D6B640A8BFB307A733ABFCAF170F NativeClass:/Script/Engine.StaticMeshActor Name:StaticMeshActor_UAID_B42E99D12053658C02_1576527123 Label:SM_Cube11 SpatiallyLoaded:true EditorBounds:IsValid=true, Min=(X=2350.000 Y=150.000 Z=0.000), Max=(X=2375.000 Y=625.000 Z=250.000) RuntimeBounds:IsValid=true, Min=(X=2350.000 Y=150.000 Z=0.000), Max=(X=2375.000 Y=625.000 Z=250.000) RuntimeGrid:None EditorOnly:false RuntimeOnly:false HLODRelevant:true ListedInSceneOutliner:true IsMainWorldOnly:false FolderPath:Playground FolderGuid:C73F09FC4215536B1DCE2A9E0A830C70
 |   |   |- [+] [  1]
 |   |   |   |- Guid:2B439E3142012A7AF3F69CB35231BCEA NativeClass:/Script/Engine.StaticMeshActor Name:StaticMeshActor_UAID_B42E99D12053638C02_1640724764 Label:SM_Cube4 SpatiallyLoaded:true EditorBounds:IsValid=true, Min=(X=50.000 Y=350.000 Z=0.000), Max=(X=75.000 Y=2175.000 Z=250.000) RuntimeBounds:IsValid=true, Min=(X=50.000 Y=350.000 Z=0.000), Max=(X=75.000 Y=2175.000 Z=250.000) RuntimeGrid:None EditorOnly:false RuntimeOnly:false HLODRelevant:true ListedInSceneOutliner:true IsMainWorldOnly:false FolderPath:Playground FolderGuid:C73F09FC4215536B1DCE2A9E0A830C70
 |   |   |- [+] [  2]
 |   |   |   |- Guid:2BAE482B4687373453788793BEEEB5E1 NativeClass:/Script/Engine.StaticMeshActor Name:StaticMeshActor_UAID_B42E99D12053658C02_1798363128 Label:SM_Cube16 SpatiallyLoaded:true EditorBounds:IsValid=true, Min=(X=2275.000 Y=1450.000 Z=0.000), Max=(X=2850.000 Y=1475.000 Z=250.000) RuntimeBounds:IsValid=true, Min=(X=2275.000 Y=1450.000 Z=0.000), Max=(X=2850.000 Y=1475.000 Z=250.000) RuntimeGrid:None EditorOnly:false RuntimeOnly:false HLODRelevant:true ListedInSceneOutliner:true IsMainWorldOnly:false FolderPath:Playground FolderGuid:C73F09FC4215536B1DCE2A9E0A830C70
 |   |   |- [+] [  3]
 |   |   |   |- Guid:2FB58999456391D349DC0F86DAC136ED NativeClass:/Script/Engine.SkyLight Name:SkyLight_1 Label:SkyLight SpatiallyLoaded:false EditorBounds:IsValid=true, Min=(X=0.000 Y=0.000 Z=690.000), Max=(X=0.000 Y=0.000 Z=690.000) RuntimeBounds:IsValid=true, Min=(X=0.000 Y=0.000 Z=690.000), Max=(X=0.000 Y=0.000 Z=690.000) RuntimeGrid:None EditorOnly:false RuntimeOnly:false HLODRelevant:false ListedInSceneOutliner:true IsMainWorldOnly:false FolderPath:Lighting FolderGuid:963EC3EB4002CCE9759E2EBA541A873A
 |   |   |- [+] [  4]
 |   |   |   |- Guid:316CF2A6494ACA4C0E4180A87D36AB8F NativeClass:/Script/Engine.ExponentialHeightFog Name:ExponentialHeightFog_0 Label:ExponentialHeightFog SpatiallyLoaded:false EditorBounds:IsValid=true, Min=(X=-5600.000 Y=-50.000 Z=-6850.000), Max=(X=-5600.000 Y=-50.000 Z=-6850.000) RuntimeBounds:IsValid=true, Min=(X=-5600.000 Y=-50.000 Z=-6850.000), Max=(X=-5600.000 Y=-50.000 Z=-6850.000) RuntimeGrid:None EditorOnly:false RuntimeOnly:false HLODRelevant:false ListedInSceneOutliner:true IsMainWorldOnly:false FolderPath:Lighting FolderGuid:963EC3EB4002CCE9759E2EBA541A873A
 |   |   |- [+] [  5]
 |   |   |   |- Guid:31FD0A3B417DF20D3B3278BFFAEBD2BD NativeClass:/Script/Engine.StaticMeshActor Name:StaticMeshActor_UAID_B42E99D12053658C02_1602940124 Label:SM_Cube12 SpatiallyLoaded:true EditorBounds:IsValid=true, Min=(X=2100.000 Y=150.000 Z=0.000), Max=(X=2125.000 Y=625.000 Z=250.000) RuntimeBounds:IsValid=true, Min=(X=2100.000 Y=150.000 Z=0.000), Max=(X=2125.000 Y=625.000 Z=250.000) RuntimeGrid:None EditorOnly:false RuntimeOnly:false HLODRelevant:true ListedInSceneOutliner:true IsMainWorldOnly:false FolderPath:Playground FolderGuid:C73F09FC4215536B1DCE2A9E0A830C70
 |   |   |- [+] [  6]
 |   |   |   |- Guid:3A00AA1C422CE54C0BDB60BAF471BFBB NativeClass:/Script/Engine.PlayerStart Name:PlayerStart_0 Label:PlayerStart SpatiallyLoaded:false EditorBounds:IsValid=true, Min=(X=860.000 Y=1070.000 Z=0.013), Max=(X=940.000 Y=1150.000 Z=184.013) RuntimeBounds:IsValid=true, Min=(X=860.000 Y=1070.000 Z=0.013), Max=(X=940.000 Y=1150.000 Z=184.013) RuntimeGrid:None EditorOnly:false RuntimeOnly:false HLODRelevant:false ListedInSceneOutliner:true IsMainWorldOnly:false
 |   |   |- [+] [  7]
 |   |   |   |- Guid:3C1586044F718F23836CDC9F55A8A494 NativeClass:/Script/Engine.StaticMeshActor Name:StaticMeshActor_UAID_B42E99D12053658C02_1510617121 Label:SM_Cube9 SpatiallyLoaded:true EditorBounds:IsValid=true, Min=(X=1600.000 Y=850.000 Z=0.000), Max=(X=2850.000 Y=875.000 Z=250.000) RuntimeBounds:IsValid=true, Min=(X=1600.000 Y=850.000 Z=0.000), Max=(X=2850.000 Y=875.000 Z=250.000) RuntimeGrid:None EditorOnly:false RuntimeOnly:false HLODRelevant:true ListedInSceneOutliner:true IsMainWorldOnly:false FolderPath:Playground FolderGuid:C73F09FC4215536B1DCE2A9E0A830C70
 |   |   |- [+] [  8]
 |   |   |   |- Guid:433F9E374267164A11FBE8AB090354D0 NativeClass:/Script/Engine.StaticMeshActor Name:StaticMeshActor_UAID_B42E99D12053638C02_1654541765 Label:SM_Cube5 SpatiallyLoaded:true EditorBounds:IsValid=true, Min=(X=75.000 Y=2150.000 Z=0.000), Max=(X=2850.000 Y=2175.000 Z=250.000) RuntimeBounds:IsValid=true, Min=(X=75.000 Y=2150.000 Z=0.000), Max=(X=2850.000 Y=2175.000 Z=250.000) RuntimeGrid:None EditorOnly:false RuntimeOnly:false HLODRelevant:true ListedInSceneOutliner:true IsMainWorldOnly:false FolderPath:Playground FolderGuid:C73F09FC4215536B1DCE2A9E0A830C70
 |   |   |- [+] [  9]
 |   |   |   |- Guid:4D3BE93F4146AAAC8BBE79999D96D57F NativeClass:/Script/Engine.VolumetricCloud Name:VolumetricCloud_0 Label:VolumetricCloud SpatiallyLoaded:false EditorBounds:IsValid=true, Min=(X=0.000 Y=0.000 Z=820.000), Max=(X=0.000 Y=0.000 Z=820.000) RuntimeBounds:IsValid=true, Min=(X=0.000 Y=0.000 Z=820.000), Max=(X=0.000 Y=0.000 Z=820.000) RuntimeGrid:None EditorOnly:false RuntimeOnly:false HLODRelevant:false ListedInSceneOutliner:true IsMainWorldOnly:false FolderPath:Lighting FolderGuid:963EC3EB4002CCE9759E2EBA541A873A
 |   |   |- [+] [ 10]
 |   |   |   |- Guid:6BAF4DDD444C60371492D3919DB42C97 NativeClass:/Script/Engine.WorldDataLayers Name:WorldDataLayers Label:WorldDataLayers SpatiallyLoaded:false EditorBounds:IsValid=true, Min=(X=0.000 Y=0.000 Z=0.000), Max=(X=0.000 Y=0.000 Z=0.000) RuntimeBounds:IsValid=true, Min=(X=0.000 Y=0.000 Z=0.000), Max=(X=0.000 Y=0.000 Z=0.000) RuntimeGrid:None EditorOnly:false RuntimeOnly:false HLODRelevant:false ListedInSceneOutliner:true IsMainWorldOnly:true
 |   |   |- [+] [ 11]
 |   |   |   |- Guid:83A541634398D703B26499B69DDAC068 NativeClass:/Script/Engine.StaticMeshActor Name:StaticMeshActor_UAID_B42E99D12053658C02_1604742125 Label:SM_Cube13 SpatiallyLoaded:true EditorBounds:IsValid=true, Min=(X=1300.000 Y=150.000 Z=0.000), Max=(X=1325.000 Y=625.000 Z=250.000) RuntimeBounds:IsValid=true, Min=(X=1300.000 Y=150.000 Z=0.000), Max=(X=1325.000 Y=625.000 Z=250.000) RuntimeGrid:None EditorOnly:false RuntimeOnly:false HLODRelevant:true ListedInSceneOutliner:true IsMainWorldOnly:false FolderPath:Playground FolderGuid:C73F09FC4215536B1DCE2A9E0A830C70
 |   |   |- [+] [ 12]
 |   |   |   |- Guid:92252C0549BD7211BF3E51AEBAD7FA79 NativeClass:/Script/Engine.StaticMeshActor Name:StaticMeshActor_UAID_B42E99D12053658C02_1332890120 Label:SM_Cube8 SpatiallyLoaded:true EditorBounds:IsValid=true, Min=(X=1200.000 Y=3275.000 Z=0.000), Max=(X=2025.000 Y=3300.000 Z=250.000) RuntimeBounds:IsValid=true, Min=(X=1200.000 Y=3275.000 Z=0.000), Max=(X=2025.000 Y=3300.000 Z=250.000) RuntimeGrid:None EditorOnly:false RuntimeOnly:false HLODRelevant:true ListedInSceneOutliner:true IsMainWorldOnly:false FolderPath:Playground FolderGuid:C73F09FC4215536B1DCE2A9E0A830C70
 |   |   |- [+] [ 13]
 |   |   |   |- Guid:B785ED2844B84CFB91E7F39FE661CD99 NativeClass:/Script/Engine.DirectionalLight Name:DirectionalLight_0 Label:DirectionalLight SpatiallyLoaded:false EditorBounds:IsValid=true, Min=(X=-1048576.000 Y=-1048576.000 Z=-1048576.000), Max=(X=1048576.000 Y=1048576.000 Z=1048576.000) RuntimeBounds:IsValid=true, Min=(X=-1048576.000 Y=-1048576.000 Z=-1048576.000), Max=(X=1048576.000 Y=1048576.000 Z=1048576.000) RuntimeGrid:None EditorOnly:false RuntimeOnly:false HLODRelevant:false ListedInSceneOutliner:true IsMainWorldOnly:false FolderPath:Lighting FolderGuid:963EC3EB4002CCE9759E2EBA541A873A
 |   |   |- [+] [ 14]
 |   |   |   |- Guid:B88A045B471A3A7A1F01F785816AD7E7 NativeClass:/Script/Engine.StaticMeshActor Name:StaticMeshActor_UAID_B42E99D12053658C02_1664859127 Label:SM_Cube15 SpatiallyLoaded:true EditorBounds:IsValid=true, Min=(X=1600.000 Y=850.000 Z=0.000), Max=(X=1625.000 Y=2175.000 Z=250.000) RuntimeBounds:IsValid=true, Min=(X=1600.000 Y=850.000 Z=0.000), Max=(X=1625.000 Y=2175.000 Z=250.000) RuntimeGrid:None EditorOnly:false RuntimeOnly:false HLODRelevant:true ListedInSceneOutliner:true IsMainWorldOnly:false FolderPath:Playground FolderGuid:C73F09FC4215536B1DCE2A9E0A830C70
 |   |   |- [+] [ 15]
 |   |   |   |- Guid:BB837CCF4FBCB72C609842A6CA6D7EA5 NativeClass:/Script/Engine.SkeletalMeshActor Name:SkeletalMeshActor_UAID_B42E99D12053638C02_1335980759 Label:Manny_clavicle_r_anim SpatiallyLoaded:true EditorBounds:IsValid=true, Min=(X=755.143 Y=1246.412 Z=0.506), Max=(X=865.381 Y=1288.978 Z=181.104) RuntimeBounds:IsValid=true, Min=(X=755.143 Y=1246.412 Z=0.506), Max=(X=865.381 Y=1288.978 Z=181.104) RuntimeGrid:None EditorOnly:false RuntimeOnly:false HLODRelevant:false ListedInSceneOutliner:true IsMainWorldOnly:false
 |   |   |- [+] [ 16]
 |   |   |   |- Guid:C054487F4F2E7188F2CFC8BA198617DB NativeClass:/Script/Engine.StaticMeshActor Name:StaticMeshActor_UAID_B42E99D12053638C02_1484825762 Label:SM_Cube2 SpatiallyLoaded:true EditorBounds:IsValid=true, Min=(X=2850.000 Y=150.000 Z=0.000), Max=(X=2875.000 Y=2175.000 Z=250.000) RuntimeBounds:IsValid=true, Min=(X=2850.000 Y=150.000 Z=0.000), Max=(X=2875.000 Y=2175.000 Z=250.000) RuntimeGrid:None EditorOnly:false RuntimeOnly:false HLODRelevant:true ListedInSceneOutliner:true IsMainWorldOnly:false FolderPath:Playground FolderGuid:C73F09FC4215536B1DCE2A9E0A830C70
 |   |   |- [+] [ 17]
 |   |   |   |- Guid:C6BC4DAA4BC5075985F65599A3AAA2D9 NativeClass:/Script/Engine.StaticMeshActor Name:StaticMeshActor_UAID_B42E99D12053638C02_1635651763 Label:SM_Cube3 SpatiallyLoaded:true EditorBounds:IsValid=true, Min=(X=75.000 Y=150.000 Z=0.000), Max=(X=2850.000 Y=175.000 Z=250.000) RuntimeBounds:IsValid=true, Min=(X=75.000 Y=150.000 Z=0.000), Max=(X=2850.000 Y=175.000 Z=250.000) RuntimeGrid:None EditorOnly:false RuntimeOnly:false HLODRelevant:true ListedInSceneOutliner:true IsMainWorldOnly:false FolderPath:Playground FolderGuid:C73F09FC4215536B1DCE2A9E0A830C70
 |   |   |- [+] [ 18]
 |   |   |   |- Guid:C8DE0E64449F7EB183CF88BCF72007DE NativeClass:/Script/Engine.StaticMeshActor Name:StaticMeshActor_UAID_B42E99D12053658C02_1516072122 Label:SM_Cube10 SpatiallyLoaded:true EditorBounds:IsValid=true, Min=(X=1325.000 Y=600.000 Z=0.000), Max=(X=2850.000 Y=625.000 Z=250.000) RuntimeBounds:IsValid=true, Min=(X=1325.000 Y=600.000 Z=0.000), Max=(X=2850.000 Y=625.000 Z=250.000) RuntimeGrid:None EditorOnly:false RuntimeOnly:false HLODRelevant:true ListedInSceneOutliner:true IsMainWorldOnly:false FolderPath:Playground FolderGuid:C73F09FC4215536B1DCE2A9E0A830C70
 |   |   |- [+] [ 19]
 |   |   |   |- Guid:CCFF262C46EEFFDF319E7F9539CE697E NativeClass:/Script/Engine.SkyAtmosphere Name:SkyAtmosphere_0 Label:SkyAtmosphere SpatiallyLoaded:false EditorBounds:IsValid=true, Min=(X=0.000 Y=0.000 Z=1020.000), Max=(X=0.000 Y=0.000 Z=1020.000) RuntimeBounds:IsValid=true, Min=(X=0.000 Y=0.000 Z=1020.000), Max=(X=0.000 Y=0.000 Z=1020.000) RuntimeGrid:None EditorOnly:false RuntimeOnly:false HLODRelevant:false ListedInSceneOutliner:true IsMainWorldOnly:false FolderPath:Lighting FolderGuid:963EC3EB4002CCE9759E2EBA541A873A
 |   |   |- [+] [ 20]
 |   |   |   |- Guid:D23A35894F5DD0A2DECB0FA154273C3A NativeClass:/Script/Engine.StaticMeshActor Name:StaticMeshActor_UAID_B42E99D12053648C02_1732708942 Label:SM_Cube6 SpatiallyLoaded:true EditorBounds:IsValid=true, Min=(X=2000.000 Y=2175.000 Z=0.000), Max=(X=2025.000 Y=3275.000 Z=250.000) RuntimeBounds:IsValid=true, Min=(X=2000.000 Y=2175.000 Z=0.000), Max=(X=2025.000 Y=3275.000 Z=250.000) RuntimeGrid:None EditorOnly:false RuntimeOnly:false HLODRelevant:true ListedInSceneOutliner:true IsMainWorldOnly:false FolderPath:Playground FolderGuid:C73F09FC4215536B1DCE2A9E0A830C70
 |   |   |- [+] [ 21]
 |   |   |   |- Guid:E23FF9324671BAFD6D5A06A733E3154A NativeClass:/Script/Engine.StaticMeshActor Name:StaticMeshActor_UAID_B42E99D12053658C02_1645064126 Label:SM_Cube14 SpatiallyLoaded:true EditorBounds:IsValid=true, Min=(X=2250.000 Y=850.000 Z=0.000), Max=(X=2275.000 Y=2175.000 Z=250.000) RuntimeBounds:IsValid=true, Min=(X=2250.000 Y=850.000 Z=0.000), Max=(X=2275.000 Y=2175.000 Z=250.000) RuntimeGrid:None EditorOnly:false RuntimeOnly:false HLODRelevant:true ListedInSceneOutliner:true IsMainWorldOnly:false FolderPath:Playground FolderGuid:C73F09FC4215536B1DCE2A9E0A830C70
 |   |   |- [+] [ 22]
 |   |   |   |- Guid:EC4E0C944CE6AC6E784BC6BB2916EA13 NativeClass:/Script/Engine.StaticMeshActor Name:StaticMeshActor_UAID_A4AE111137DC5EFB00_1110535423 Label:SM_SkySphere SpatiallyLoaded:false EditorBounds:IsValid=true, Min=(X=-1638400.000 Y=-1638400.000 Z=-1638400.000), Max=(X=1638400.000 Y=1638400.000 Z=1638400.000) RuntimeBounds:IsValid=true, Min=(X=-1638400.000 Y=-1638400.000 Z=-1638400.000), Max=(X=1638400.000 Y=1638400.000 Z=1638400.000) RuntimeGrid:None EditorOnly:false RuntimeOnly:false HLODRelevant:true ListedInSceneOutliner:true IsMainWorldOnly:false FolderPath:Lighting FolderGuid:963EC3EB4002CCE9759E2EBA541A873A
 |   |   |- [+] [ 23]
 |   |   |   |- Guid:F1924B8D48954B30891B2DB6A694F9CC NativeClass:/Script/Engine.StaticMeshActor Name:StaticMeshActor_1 Label:SM_Cube SpatiallyLoaded:true EditorBounds:IsValid=true, Min=(X=0.000 Y=0.000 Z=-50.000), Max=(X=3000.000 Y=3500.000 Z=0.000) RuntimeBounds:IsValid=true, Min=(X=0.000 Y=0.000 Z=-50.000), Max=(X=3000.000 Y=3500.000 Z=0.000) RuntimeGrid:None EditorOnly:false RuntimeOnly:false HLODRelevant:true ListedInSceneOutliner:true IsMainWorldOnly:false FolderPath:Playground FolderGuid:C73F09FC4215536B1DCE2A9E0A830C70
 |   |   |- [+] [ 24]
 |   |   |   |- Guid:F5E3FEB3450C49844FD93DA8E083C8AD NativeClass:/Script/Engine.PostProcessVolume Name:PostProcessVolume_0 Label:PostProcessVolume SpatiallyLoaded:false EditorBounds:IsValid=true, Min=(X=0.000 Y=0.000 Z=400.000), Max=(X=200.000 Y=200.000 Z=600.000) RuntimeBounds:IsValid=true, Min=(X=0.000 Y=0.000 Z=400.000), Max=(X=200.000 Y=200.000 Z=600.000) RuntimeGrid:None EditorOnly:false RuntimeOnly:false HLODRelevant:false ListedInSceneOutliner:true IsMainWorldOnly:false FolderPath:Lighting FolderGuid:963EC3EB4002CCE9759E2EBA541A873A
 |   |   |- [+] [ 25]
 |   |   |   |- Guid:FA7506234EC244F6B32CEAAA266E13F9 NativeClass:/Script/Engine.StaticMeshActor Name:StaticMeshActor_UAID_B42E99D12053648C02_1732709943 Label:SM_Cube7 SpatiallyLoaded:true EditorBounds:IsValid=true, Min=(X=1200.000 Y=2175.000 Z=0.000), Max=(X=1225.000 Y=3275.000 Z=250.000) RuntimeBounds:IsValid=true, Min=(X=1200.000 Y=2175.000 Z=0.000), Max=(X=1225.000 Y=3275.000 Z=250.000) RuntimeGrid:None EditorOnly:false RuntimeOnly:false HLODRelevant:true ListedInSceneOutliner:true IsMainWorldOnly:false FolderPath:Playground FolderGuid:C73F09FC4215536B1DCE2A9E0A830C70
 |- ContainerInstances:
 |- [+] MainContainer:
 |   |-        ID: 00000000000000000000000000000000
 |   |-  ParentID: 00000000000000000000000000000000
 |   |-    Bounds: IsValid=false, Min=(X=0.000 Y=0.000 Z=0.000), Max=(X=0.000 Y=0.000 Z=0.000)
 |   |- Transform: 0.000000,0.000000,0.000000|0.000000,0.000000,-0.000000|1.000000,1.000000,1.000000
 |   |- Container: /Game/ThirdPerson/Maps/ThirdPersonMap
----------------------------------------------------------------------------------------------------------------
ThirdPersonMap - Persistent Level
----------------------------------------------------------------------------------------------------------------
[+] Content of ThirdPersonMap Persistent Level
 |- Always loaded Actor Count: 26 
 |- Actor Path: /Game/ThirdPerson/Maps/ThirdPersonMap.ThirdPersonMap:PersistentLevel.DirectionalLight_0
 |- Actor Package: /Game/__ExternalActors__/ThirdPerson/Maps/ThirdPersonMap/5/R1/TS5OQ5CRUWFZYL1ZQ7I416
 |- Actor Path: /Game/ThirdPerson/Maps/ThirdPersonMap.ThirdPersonMap:PersistentLevel.ExponentialHeightFog_0
 |- Actor Package: /Game/__ExternalActors__/ThirdPerson/Maps/ThirdPersonMap/6/J7/N10XDC9G27EMLS5AGZ6AVV
 |- Actor Path: /Game/ThirdPerson/Maps/ThirdPersonMap.ThirdPersonMap:PersistentLevel.PlayerStart_0
 |- Actor Package: /Game/__ExternalActors__/ThirdPerson/Maps/ThirdPersonMap/D/DE/SWSI13675DVYIZ0N4NF7Y3
 |- Actor Path: /Game/ThirdPerson/Maps/ThirdPersonMap.ThirdPersonMap:PersistentLevel.PostProcessVolume_0
 |- Actor Package: /Game/__ExternalActors__/ThirdPerson/Maps/ThirdPersonMap/1/AZ/A7GPT109Y6ZTTJD4A7TXER
 |- Actor Path: /Game/ThirdPerson/Maps/ThirdPersonMap.ThirdPersonMap:PersistentLevel.SkeletalMeshActor_UAID_B42E99D12053638C02_1335980759
 |- Actor Package: /Game/__ExternalActors__/ThirdPerson/Maps/ThirdPersonMap/D/X7/QED3SLZYEY35U770VMPTUH
 |- Actor Path: /Game/ThirdPerson/Maps/ThirdPersonMap.ThirdPersonMap:PersistentLevel.SkyAtmosphere_0
 |- Actor Package: /Game/__ExternalActors__/ThirdPerson/Maps/ThirdPersonMap/4/LN/30UBDLYFFA5ZR7U4W4L4GG
 |- Actor Path: /Game/ThirdPerson/Maps/ThirdPersonMap.ThirdPersonMap:PersistentLevel.SkyLight_1
 |- Actor Package: /Game/__ExternalActors__/ThirdPerson/Maps/ThirdPersonMap/8/S1/DXUWD12MD3HRWVVXX076BY
 |- Actor Path: /Game/ThirdPerson/Maps/ThirdPersonMap.ThirdPersonMap:PersistentLevel.StaticMeshActor_1
 |- Actor Package: /Game/__ExternalActors__/ThirdPerson/Maps/ThirdPersonMap/6/YO/NG2R9BPZVA7ZDN0Z4VSTG6
 |- Actor Path: /Game/ThirdPerson/Maps/ThirdPersonMap.ThirdPersonMap:PersistentLevel.StaticMeshActor_UAID_A4AE111137DC5EFB00_1110535423
 |- Actor Package: /Game/__ExternalActors__/ThirdPerson/Maps/ThirdPersonMap/4/PN/2QISIGK5DJNQ05US8O8FXW
 |- Actor Path: /Game/ThirdPerson/Maps/ThirdPersonMap.ThirdPersonMap:PersistentLevel.StaticMeshActor_UAID_B42E99D12053638C02_1484825762
 |- Actor Package: /Game/__ExternalActors__/ThirdPerson/Maps/ThirdPersonMap/1/DA/909KR7LYOQG0UL1LYBZLB0
 |- Actor Path: /Game/ThirdPerson/Maps/ThirdPersonMap.ThirdPersonMap:PersistentLevel.StaticMeshActor_UAID_B42E99D12053638C02_1635651763
 |- Actor Package: /Game/__ExternalActors__/ThirdPerson/Maps/ThirdPersonMap/2/BP/QHV6FV2KXDFLH55WK5LG9J
 |- Actor Path: /Game/ThirdPerson/Maps/ThirdPersonMap.ThirdPersonMap:PersistentLevel.StaticMeshActor_UAID_B42E99D12053638C02_1640724764
 |- Actor Package: /Game/__ExternalActors__/ThirdPerson/Maps/ThirdPersonMap/E/7S/9I5BXL4662G59U7ZY5GVPX
 |- Actor Path: /Game/ThirdPerson/Maps/ThirdPersonMap.ThirdPersonMap:PersistentLevel.StaticMeshActor_UAID_B42E99D12053638C02_1654541765
 |- Actor Package: /Game/__ExternalActors__/ThirdPerson/Maps/ThirdPersonMap/B/PL/POGWJR2EZN4R28ZI4RQVR0
 |- Actor Path: /Game/ThirdPerson/Maps/ThirdPersonMap.ThirdPersonMap:PersistentLevel.StaticMeshActor_UAID_B42E99D12053648C02_1732708942
 |- Actor Package: /Game/__ExternalActors__/ThirdPerson/Maps/ThirdPersonMap/0/8P/4XNJQ7PCXZPP2E2D1UMYH4
 |- Actor Path: /Game/ThirdPerson/Maps/ThirdPersonMap.ThirdPersonMap:PersistentLevel.StaticMeshActor_UAID_B42E99D12053648C02_1732709943
 |- Actor Package: /Game/__ExternalActors__/ThirdPerson/Maps/ThirdPersonMap/3/43/57U5BG9LZ4ISVPCHWIXR10
 |- Actor Path: /Game/ThirdPerson/Maps/ThirdPersonMap.ThirdPersonMap:PersistentLevel.StaticMeshActor_UAID_B42E99D12053658C02_1332890120
 |- Actor Package: /Game/__ExternalActors__/ThirdPerson/Maps/ThirdPersonMap/8/C7/R0J41WYJSYBHR09X7PRYGG
 |- Actor Path: /Game/ThirdPerson/Maps/ThirdPersonMap.ThirdPersonMap:PersistentLevel.StaticMeshActor_UAID_B42E99D12053658C02_1510617121
 |- Actor Package: /Game/__ExternalActors__/ThirdPerson/Maps/ThirdPersonMap/4/N0/HUB80FVVDWON4D9ZAPIW3O
 |- Actor Path: /Game/ThirdPerson/Maps/ThirdPersonMap.ThirdPersonMap:PersistentLevel.StaticMeshActor_UAID_B42E99D12053658C02_1516072122
 |- Actor Package: /Game/__ExternalActors__/ThirdPerson/Maps/ThirdPersonMap/5/NB/KWSDFU8BWFFULEPX06A2Z1
 |- Actor Path: /Game/ThirdPerson/Maps/ThirdPersonMap.ThirdPersonMap:PersistentLevel.StaticMeshActor_UAID_B42E99D12053658C02_1576527123
 |- Actor Package: /Game/__ExternalActors__/ThirdPerson/Maps/ThirdPersonMap/8/DV/X3QJJD9JVIIDSP4Z0FISY8
 |- Actor Path: /Game/ThirdPerson/Maps/ThirdPersonMap.ThirdPersonMap:PersistentLevel.StaticMeshActor_UAID_B42E99D12053658C02_1602940124
 |- Actor Package: /Game/__ExternalActors__/ThirdPerson/Maps/ThirdPersonMap/2/4T/92T3GMQ4KLEF1CONLM99GC
 |- Actor Path: /Game/ThirdPerson/Maps/ThirdPersonMap.ThirdPersonMap:PersistentLevel.StaticMeshActor_UAID_B42E99D12053658C02_1604742125
 |- Actor Package: /Game/__ExternalActors__/ThirdPerson/Maps/ThirdPersonMap/D/BF/HX099M825Z9DLTCVXTDXOE
 |- Actor Path: /Game/ThirdPerson/Maps/ThirdPersonMap.ThirdPersonMap:PersistentLevel.StaticMeshActor_UAID_B42E99D12053658C02_1645064126
 |- Actor Package: /Game/__ExternalActors__/ThirdPerson/Maps/ThirdPersonMap/6/W3/SOJE3W8YOU6OZ85PX8EDID
 |- Actor Path: /Game/ThirdPerson/Maps/ThirdPersonMap.ThirdPersonMap:PersistentLevel.StaticMeshActor_UAID_B42E99D12053658C02_1664859127
 |- Actor Package: /Game/__ExternalActors__/ThirdPerson/Maps/ThirdPersonMap/4/7Y/L6NYKZC9NSGM4M7XROPN57
 |- Actor Path: /Game/ThirdPerson/Maps/ThirdPersonMap.ThirdPersonMap:PersistentLevel.StaticMeshActor_UAID_B42E99D12053658C02_1798363128
 |- Actor Package: /Game/__ExternalActors__/ThirdPerson/Maps/ThirdPersonMap/9/IH/LPF51EDM3I3L6TYJMCNPIT
 |- Actor Path: /Game/ThirdPerson/Maps/ThirdPersonMap.ThirdPersonMap:PersistentLevel.VolumetricCloud_0
 |- Actor Package: /Game/__ExternalActors__/ThirdPerson/Maps/ThirdPersonMap/3/EY/87SHEJN5UBEAN2K5OV1G6R
 |- Actor Path: /Game/ThirdPerson/Maps/ThirdPersonMap.ThirdPersonMap:PersistentLevel.WorldDataLayers
 |- Actor Package: /Game/__ExternalActors__/ThirdPerson/Maps/ThirdPersonMap/0/43/HYQWORMY4JDQ5X3OKZXFLC

----------------------------------------------------------------------------------------------------------------
ThirdPersonMap - Runtime Hash Set
----------------------------------------------------------------------------------------------------------------

